2024-09-19 07:52:29 +0000  Initial pipeline context: <IDEDistributionProcessingPipelineContext: 0x1761f3420; archive(resolved)="<IDEArchive: 0x6000105d1fe0>", distributionTask(resolved)="2", distributionDestination(resolved)="1", distributionMethod(resolved)="<IDEDistributionMethodDevelopmentSigned: 0x6000063fd8e0>", team(resolved)="<IDEProvisioningDisambiguatableBasicTeam: 0x600003fed100; teamID='QQP5F43Z2T', teamName='Peiyu Huang', teamType='Individual', username='peiyuhuang@mac.com', isFreeProvisioningTeam='0'>">
	Chain (15, self inclusive):
	<IDEDistributionProcessingPipelineContext: 0x1761f3420; archive = "<IDEArchive: 0x6000105d1fe0>", distributionMethod="<IDEDistributionMethodDevelopmentSigned: 0x6000063fd8e0>", team="<IDEProvisioningDisambiguatableBasicTeam: 0x600003fed100; teamID='QQP5F43Z2T', teamName='Peiyu Huang', teamType='Individual', username='peiyuhuang@mac.com', isFreeProvisioningTeam='0'>">
	<IDEDistributionProcessingPipelineContext: 0x170a88ea0; archive = "<IDEArchive: 0x6000105d1fe0>", distributionMethod="<IDEDistributionMethodDevelopmentSigned: 0x6000063fd8e0>", team="<IDEProvisioningDisambiguatableBasicTeam: 0x600003fed100; teamID='QQP5F43Z2T', teamName='Peiyu Huang', teamType='Individual', username='peiyuhuang@mac.com', isFreeProvisioningTeam='0'>">
	<IDEDistributionContext: 0x39ba76620; archive = "<IDEArchive: 0x6000105d1fe0>", distributionMethod="<IDEDistributionMethodDevelopmentSigned: 0x6000063fd8e0>", team="<IDEProvisioningDisambiguatableBasicTeam: 0x600003fed100; teamID='QQP5F43Z2T', teamName='Peiyu Huang', teamType='Individual', username='peiyuhuang@mac.com', isFreeProvisioningTeam='0'>">
	<IDEDistributionContext: 0x17727f520; archive = "<IDEArchive: 0x6000105d1fe0>", distributionMethod="<IDEDistributionMethodDevelopmentSigned: 0x6000063fd8e0>", team="<IDEProvisioningDisambiguatableBasicTeam: 0x600003fed100; teamID='QQP5F43Z2T', teamName='Peiyu Huang', teamType='Individual', username='peiyuhuang@mac.com', isFreeProvisioningTeam='0'>">
	<IDEDistributionContext: 0x39bcf86b0; archive = "<IDEArchive: 0x6000105d1fe0>", distributionMethod="<IDEDistributionMethodDevelopmentSigned: 0x6000063fd8e0>", team="<IDEProvisioningDisambiguatableBasicTeam: 0x600003fed100; teamID='QQP5F43Z2T', teamName='Peiyu Huang', teamType='Individual', username='peiyuhuang@mac.com', isFreeProvisioningTeam='0'>">
	<IDEDistributionContext: 0x39bc69810; archive = "<IDEArchive: 0x6000105d1fe0>", distributionMethod="<IDEDistributionMethodDevelopmentSigned: 0x6000063fd8e0>", team="<IDEProvisioningDisambiguatableBasicTeam: 0x600003fed100; teamID='QQP5F43Z2T', teamName='Peiyu Huang', teamType='Individual', username='peiyuhuang@mac.com', isFreeProvisioningTeam='0'>">
	<IDEDistributionContext: 0x1286eb5e0; archive = "<IDEArchive: 0x6000105d1fe0>", distributionMethod="<IDEDistributionMethodDevelopmentSigned: 0x6000063fd8e0>", team="<IDEProvisioningDisambiguatableBasicTeam: 0x600003fed100; teamID='QQP5F43Z2T', teamName='Peiyu Huang', teamType='Individual', username='peiyuhuang@mac.com', isFreeProvisioningTeam='0'>">
	<IDEDistributionContext: 0x1286d1b60; archive = "<IDEArchive: 0x6000105d1fe0>", distributionMethod="<IDEDistributionMethodDevelopmentSigned: 0x6000063fd8e0>", team="<IDEProvisioningDisambiguatableBasicTeam: 0x600003fed100; teamID='QQP5F43Z2T', teamName='Peiyu Huang', teamType='Individual', username='peiyuhuang@mac.com', isFreeProvisioningTeam='0'>">
	<IDEDistributionContext: 0x17616f430; archive = "<IDEArchive: 0x6000105d1fe0>", distributionMethod="<IDEDistributionMethodDevelopmentSigned: 0x6000063fd8e0>", team="<IDEProvisioningDisambiguatableBasicTeam: 0x600003fed100; teamID='QQP5F43Z2T', teamName='Peiyu Huang', teamType='Individual', username='peiyuhuang@mac.com', isFreeProvisioningTeam='0'>">
	<IDEDistributionContext: 0x170de3040; archive = "<IDEArchive: 0x6000105d1fe0>", distributionMethod="<IDEDistributionMethodDevelopmentSigned: 0x6000063fd8e0>", team="(null)">
	<IDEDistributionContext: 0x170cbf860; archive = "<IDEArchive: 0x6000105d1fe0>", distributionMethod="<IDEDistributionMethodDevelopmentSigned: 0x6000063fd8e0>", team="(null)">
	<IDEDistributionContext: 0x39bc81590; archive = "<IDEArchive: 0x6000105d1fe0>", distributionMethod="<IDEDistributionMethodDevelopmentSigned: 0x6000063fd8e0>", team="(null)">
	<IDEDistributionContext: 0x15bec3d50; archive = "<IDEArchive: 0x6000105d1fe0>", distributionMethod="<IDEDistributionMethodDevelopmentSigned: 0x6000063fd8e0>", team="(null)">
	<IDEDistributionContext: 0x39a7137f0; archive = "<IDEArchive: 0x6000105d1fe0>", distributionMethod="(null)", team="(null)">
	<IDEDistributionContext: 0x12908ee00; archive = "<IDEArchive: 0x6000105d1fe0>", distributionMethod="(null)", team="(null)">
</IDEDistributionProcessingPipelineContext: 0x1761f3420>
2024-09-19 07:52:29 +0000  Processing step: IDEDistributionCreateDestRootStep
2024-09-19 07:52:29 +0000  Processing step: IDEDistributionCopyItemStep
2024-09-19 07:52:29 +0000  Running /usr/bin/ditto '-V' '/Users/peiyu/Library/Developer/Xcode/Archives/2024-09-19/simStock21 2024-9-19, 3.52 PM.xcarchive/Products/Applications/simStock21.app' '/var/folders/c4/rvdxvx6s5w7bsjlwddfc373w0000gn/T/XcodeDistPipeline.~~~iiomSL/Root/Payload/simStock21.app'
2024-09-19 07:52:29 +0000  >>> Copying /Users/peiyu/Library/Developer/Xcode/Archives/2024-09-19/simStock21 2024-9-19, 3.52 PM.xcarchive/Products/Applications/simStock21.app 
2024-09-19 07:52:29 +0000  copying file ./_CodeSignature/CodeResources ... 
2024-09-19 07:52:29 +0000  7087 bytes for ./_CodeSignature/CodeResources
2024-09-19 07:52:29 +0000  copying file ./PlugIns/simStockEx.appex/_CodeSignature/CodeResources ... 
2024-09-19 07:52:29 +0000  3502 bytes for ./PlugIns/simStockEx.appex/_CodeSignature/CodeResources
2024-09-19 07:52:29 +0000  copying file ./PlugIns/simStockEx.appex/Intents.intentdefinition ... 
2024-09-19 07:52:29 +0000  17335 bytes for ./PlugIns/simStockEx.appex/Intents.intentdefinition
2024-09-19 07:52:29 +0000  copying file ./PlugIns/simStockEx.appex/simStock21.momd/simStock.omo ... 
2024-09-19 07:52:29 +0000  28616 bytes for ./PlugIns/simStockEx.appex/simStock21.momd/simStock.omo
2024-09-19 07:52:29 +0000  copying file ./PlugIns/simStockEx.appex/simStock21.momd/simStock 2.mom ... 
2024-09-19 07:52:29 +0000  11785 bytes for ./PlugIns/simStockEx.appex/simStock21.momd/simStock 2.mom
2024-09-19 07:52:29 +0000  copying file ./PlugIns/simStockEx.appex/simStock21.momd/simStock 3.mom ... 
2024-09-19 07:52:29 +0000  11889 bytes for ./PlugIns/simStockEx.appex/simStock21.momd/simStock 3.mom
2024-09-19 07:52:29 +0000  copying file ./PlugIns/simStockEx.appex/simStock21.momd/VersionInfo.plist ... 
2024-09-19 07:52:29 +0000  683 bytes for ./PlugIns/simStockEx.appex/simStock21.momd/VersionInfo.plist
2024-09-19 07:52:29 +0000  copying file ./PlugIns/simStockEx.appex/simStock21.momd/simStock.mom ... 
2024-09-19 07:52:29 +0000  11996 bytes for ./PlugIns/simStockEx.appex/simStock21.momd/simStock.mom
2024-09-19 07:52:29 +0000  copying file ./PlugIns/simStockEx.appex/embedded.mobileprovision ... 
2024-09-19 07:52:29 +0000  15385 bytes for ./PlugIns/simStockEx.appex/embedded.mobileprovision
2024-09-19 07:52:29 +0000  copying file ./PlugIns/simStockEx.appex/simStockEx ... 
2024-09-19 07:52:29 +0000  174128 bytes for ./PlugIns/simStockEx.appex/simStockEx
2024-09-19 07:52:29 +0000  copying file ./PlugIns/simStockEx.appex/Info.plist ... 
2024-09-19 07:52:29 +0000  1133 bytes for ./PlugIns/simStockEx.appex/Info.plist
2024-09-19 07:52:29 +0000  copying file ./AppIcon60x60@2x.png ... 
2024-09-19 07:52:29 +0000  3050 bytes for ./AppIcon60x60@2x.png
2024-09-19 07:52:29 +0000  copying file ./Intents.intentdefinition ... 
2024-09-19 07:52:29 +0000  17335 bytes for ./Intents.intentdefinition
2024-09-19 07:52:29 +0000  copying file ./Assets.car ... 
2024-09-19 07:52:29 +0000  975584 bytes for ./Assets.car
2024-09-19 07:52:29 +0000  copying file ./AppIcon76x76@2x~ipad.png ... 
2024-09-19 07:52:29 +0000  3795 bytes for ./AppIcon76x76@2x~ipad.png
2024-09-19 07:52:29 +0000  copying file ./simStock21.momd/simStock.omo ... 
2024-09-19 07:52:29 +0000  28616 bytes for ./simStock21.momd/simStock.omo
2024-09-19 07:52:29 +0000  copying file ./simStock21.momd/simStock 2.mom ... 
2024-09-19 07:52:29 +0000  11785 bytes for ./simStock21.momd/simStock 2.mom
2024-09-19 07:52:29 +0000  copying file ./simStock21.momd/simStock 3.mom ... 
2024-09-19 07:52:29 +0000  11889 bytes for ./simStock21.momd/simStock 3.mom
2024-09-19 07:52:29 +0000  copying file ./simStock21.momd/VersionInfo.plist ... 
2024-09-19 07:52:29 +0000  683 bytes for ./simStock21.momd/VersionInfo.plist
2024-09-19 07:52:29 +0000  copying file ./simStock21.momd/simStock.mom ... 
2024-09-19 07:52:29 +0000  11996 bytes for ./simStock21.momd/simStock.mom
2024-09-19 07:52:29 +0000  copying file ./simStock21 ... 
2024-09-19 07:52:29 +0000  1012608 bytes for ./simStock21
2024-09-19 07:52:29 +0000  copying file ./embedded.mobileprovision ... 
2024-09-19 07:52:29 +0000  15505 bytes for ./embedded.mobileprovision
2024-09-19 07:52:29 +0000  copying file ./Info.plist ... 
2024-09-19 07:52:29 +0000  1943 bytes for ./Info.plist
2024-09-19 07:52:29 +0000  copying file ./PkgInfo ... 
2024-09-19 07:52:29 +0000  8 bytes for ./PkgInfo
2024-09-19 07:52:29 +0000  /usr/bin/ditto exited with 0
2024-09-19 07:52:29 +0000  Processing step: IDEDistributionEmbedProfileStep
2024-09-19 07:52:29 +0000  Processing step: IDEDistributionInfoPlistStep
2024-09-19 07:52:29 +0000  Skipping step: IDEDistributionInfoPlistStep because it said so
2024-09-19 07:52:29 +0000  Skipping step: IDEDistributionInfoPlistStep because it said so
2024-09-19 07:52:29 +0000  Processing step: IDEDistributionAppThinningPlistStep
2024-09-19 07:52:29 +0000  Skipping step: IDEDistributionAppThinningPlistStep because it said so
2024-09-19 07:52:29 +0000  Processing step: IDEDistributionCompileBitcodeStep
2024-09-19 07:52:29 +0000  Skipping step: IDEDistributionCompileBitcodeStep because it said so
2024-09-19 07:52:29 +0000  Processing step: IDEDistributionCodeSlimmingStep
2024-09-19 07:52:29 +0000  Processing step: IDEDistributionCopyBCSymbolMapsStep
2024-09-19 07:52:29 +0000  Skipping step: IDEDistributionCopyBCSymbolMapsStep because it said so
2024-09-19 07:52:29 +0000  Skipping step: IDEDistributionCopyBCSymbolMapsStep because it said so
2024-09-19 07:52:29 +0000  Processing step: IDEDistributionSymbolsStep
2024-09-19 07:52:29 +0000  Skipping step: IDEDistributionSymbolsStep because it said so
2024-09-19 07:52:29 +0000  Skipping step: IDEDistributionSymbolsStep because it said so
2024-09-19 07:52:29 +0000  Processing step: IDEDistributionAppThinningStep
2024-09-19 07:52:29 +0000  Skipping step: IDEDistributionAppThinningStep because it said so
2024-09-19 07:52:29 +0000  Processing step: IDEDistributionArchThinningStep
2024-09-19 07:52:29 +0000  Running /Applications/Xcode.app/Contents/Developer/Toolchains/XcodeDefault.xctoolchain/usr/bin/lipo '/var/folders/c4/rvdxvx6s5w7bsjlwddfc373w0000gn/T/XcodeDistPipeline.~~~iiomSL/Root/Payload/simStock21.app/PlugIns/simStockEx.appex/simStockEx' '-verify_arch' 'arm64e'
2024-09-19 07:52:29 +0000  /Applications/Xcode.app/Contents/Developer/Toolchains/XcodeDefault.xctoolchain/usr/bin/lipo exited with 1
2024-09-19 07:52:29 +0000  Skipping architecture thinning for item "simStockEx" because arch "arm64e" wasn't found
2024-09-19 07:52:29 +0000  Running /Applications/Xcode.app/Contents/Developer/Toolchains/XcodeDefault.xctoolchain/usr/bin/lipo '/var/folders/c4/rvdxvx6s5w7bsjlwddfc373w0000gn/T/XcodeDistPipeline.~~~iiomSL/Root/Payload/simStock21.app/simStock21' '-verify_arch' 'arm64e'
2024-09-19 07:52:29 +0000  /Applications/Xcode.app/Contents/Developer/Toolchains/XcodeDefault.xctoolchain/usr/bin/lipo exited with 1
2024-09-19 07:52:29 +0000  Skipping architecture thinning for item "simStock21" because arch "arm64e" wasn't found
2024-09-19 07:52:29 +0000  Processing step: IDEDistributionODRStep
2024-09-19 07:52:29 +0000  Processing step: IDEDistributionStripXattrsStep
2024-09-19 07:52:29 +0000  Skipping stripping extended attributes because the codesign step will strip them.
2024-09-19 07:52:29 +0000  Skipping stripping extended attributes because the codesign step will strip them.
2024-09-19 07:52:29 +0000  Processing step: IDEDistributionCodesignStep
2024-09-19 07:52:29 +0000  Entitlements for <IDEDistributionItem: 0x600010578480; bundleID='com.mystock.simStock21.simStockEx', path='<DVTFilePath:0x60000cbf7090:'/Users/peiyu/Library/Developer/Xcode/Archives/2024-09-19/simStock21 2024-9-19, 3.52 PM.xcarchive/Products/Applications/simStock21.app/PlugIns/simStockEx.appex'>', codeSigningInfo='<_DVTCodeSigningInformation_Path: 0x6000186ce530; isSigned='1', isAdHocSigned='0', signingCertificate='<DVTSigningCertificate: 0x600005500180; name='Apple Development: Peiyu Huang (NG65P7TM5V)', hash='1EA30BB8F7F56C45AA46F7EBE36C3A4AE5BB2E9E', serialNumber='7D22791FE20BCE65D5CBA7E108238EE3', certificateKinds='(
    "1.2.840.113635.100.6.1.12",
    "1.2.840.113635.100.6.1.2"
), issueDate='2024-01-24 07:23:41 +0000''>', entitlements='{
    "application-identifier" = "QQP5F43Z2T.com.mystock.simStock21.simStockEx";
    "com.apple.developer.team-identifier" = QQP5F43Z2T;
    "com.apple.security.application-groups" =     (
        "group.com.mystock.simStock21"
    );
    "get-task-allow" = 1;
}', teamID='QQP5F43Z2T', identifier='com.mystock.simStock21.simStockEx', executablePath='<DVTFilePath:0x60000cbbd500:'/Users/peiyu/Library/Developer/Xcode/Archives/2024-09-19/simStock21 2024-9-19, 3.52 PM.xcarchive/Products/Applications/simStock21.app/PlugIns/simStockEx.appex/simStockEx'>', hardenedRuntime='0'>'>: {
    "application-identifier" = "QQP5F43Z2T.com.mystock.simStock21.simStockEx";
    "com.apple.developer.team-identifier" = QQP5F43Z2T;
    "com.apple.security.application-groups" =     (
        "group.com.mystock.simStock21"
    );
    "get-task-allow" = 1;
}
2024-09-19 07:52:29 +0000  Associated App Clip Identifiers Filter: Skipping because "com.apple.developer.associated-appclip-app-identifiers" is not present
2024-09-19 07:52:29 +0000  Entitlements for <IDEDistributionItem: 0x600010578480; bundleID='com.mystock.simStock21.simStockEx', path='<DVTFilePath:0x60000cbf7090:'/Users/peiyu/Library/Developer/Xcode/Archives/2024-09-19/simStock21 2024-9-19, 3.52 PM.xcarchive/Products/Applications/simStock21.app/PlugIns/simStockEx.appex'>', codeSigningInfo='<_DVTCodeSigningInformation_Path: 0x6000186ce530; isSigned='1', isAdHocSigned='0', signingCertificate='<DVTSigningCertificate: 0x600005513600; name='Apple Development: Peiyu Huang (NG65P7TM5V)', hash='1EA30BB8F7F56C45AA46F7EBE36C3A4AE5BB2E9E', serialNumber='7D22791FE20BCE65D5CBA7E108238EE3', certificateKinds='(
    "1.2.840.113635.100.6.1.12",
    "1.2.840.113635.100.6.1.2"
), issueDate='2024-01-24 07:23:41 +0000''>', entitlements='{
    "application-identifier" = "QQP5F43Z2T.com.mystock.simStock21.simStockEx";
    "com.apple.developer.team-identifier" = QQP5F43Z2T;
    "com.apple.security.application-groups" =     (
        "group.com.mystock.simStock21"
    );
    "get-task-allow" = 1;
}', teamID='QQP5F43Z2T', identifier='com.mystock.simStock21.simStockEx', executablePath='<DVTFilePath:0x60000cbbd500:'/Users/peiyu/Library/Developer/Xcode/Archives/2024-09-19/simStock21 2024-9-19, 3.52 PM.xcarchive/Products/Applications/simStock21.app/PlugIns/simStockEx.appex/simStockEx'>', hardenedRuntime='0'>'> are: {
    "application-identifier" = "QQP5F43Z2T.com.mystock.simStock21.simStockEx";
    "com.apple.developer.team-identifier" = QQP5F43Z2T;
    "com.apple.security.application-groups" =     (
        "group.com.mystock.simStock21"
    );
    "get-task-allow" = 1;
}
2024-09-19 07:52:29 +0000  Writing entitlements for <IDEDistributionItem: 0x600010578480; bundleID='com.mystock.simStock21.simStockEx', path='<DVTFilePath:0x60000cbf7090:'/Users/peiyu/Library/Developer/Xcode/Archives/2024-09-19/simStock21 2024-9-19, 3.52 PM.xcarchive/Products/Applications/simStock21.app/PlugIns/simStockEx.appex'>', codeSigningInfo='<_DVTCodeSigningInformation_Path: 0x6000186ce530; isSigned='1', isAdHocSigned='0', signingCertificate='<DVTSigningCertificate: 0x6000055003c0; name='Apple Development: Peiyu Huang (NG65P7TM5V)', hash='1EA30BB8F7F56C45AA46F7EBE36C3A4AE5BB2E9E', serialNumber='7D22791FE20BCE65D5CBA7E108238EE3', certificateKinds='(
    "1.2.840.113635.100.6.1.12",
    "1.2.840.113635.100.6.1.2"
), issueDate='2024-01-24 07:23:41 +0000''>', entitlements='{
    "application-identifier" = "QQP5F43Z2T.com.mystock.simStock21.simStockEx";
    "com.apple.developer.team-identifier" = QQP5F43Z2T;
    "com.apple.security.application-groups" =     (
        "group.com.mystock.simStock21"
    );
    "get-task-allow" = 1;
}', teamID='QQP5F43Z2T', identifier='com.mystock.simStock21.simStockEx', executablePath='<DVTFilePath:0x60000cbbd500:'/Users/peiyu/Library/Developer/Xcode/Archives/2024-09-19/simStock21 2024-9-19, 3.52 PM.xcarchive/Products/Applications/simStock21.app/PlugIns/simStockEx.appex/simStockEx'>', hardenedRuntime='0'>'> to: /var/folders/c4/rvdxvx6s5w7bsjlwddfc373w0000gn/T/XcodeDistPipeline.~~~iiomSL/entitlements~~~NbKRKS
2024-09-19 07:52:29 +0000  Running /usr/bin/codesign '-vvv' '--force' '--sign' '1EA30BB8F7F56C45AA46F7EBE36C3A4AE5BB2E9E' '--entitlements' '/var/folders/c4/rvdxvx6s5w7bsjlwddfc373w0000gn/T/XcodeDistPipeline.~~~iiomSL/entitlements~~~NbKRKS' '--generate-entitlement-der' '--preserve-metadata=identifier,flags,runtime' '/var/folders/c4/rvdxvx6s5w7bsjlwddfc373w0000gn/T/XcodeDistPipeline.~~~iiomSL/Root/Payload/simStock21.app/PlugIns/simStockEx.appex'
2024-09-19 07:52:29 +0000  /var/folders/c4/rvdxvx6s5w7bsjlwddfc373w0000gn/T/XcodeDistPipeline.~~~iiomSL/Root/Payload/simStock21.app/PlugIns/simStockEx.appex: replacing existing signature
2024-09-19 07:52:29 +0000  /var/folders/c4/rvdxvx6s5w7bsjlwddfc373w0000gn/T/XcodeDistPipeline.~~~iiomSL/Root/Payload/simStock21.app/PlugIns/simStockEx.appex: signed bundle with Mach-O thin (arm64) [com.mystock.simStock21.simStockEx]
2024-09-19 07:52:29 +0000  /usr/bin/codesign exited with 0
2024-09-19 07:52:29 +0000  Entitlements for <IDEDistributionItem: 0x6000105b2820; bundleID='com.mystock.simStock21', path='<DVTFilePath:0x60000cbe5f10:'/Users/peiyu/Library/Developer/Xcode/Archives/2024-09-19/simStock21 2024-9-19, 3.52 PM.xcarchive/Products/Applications/simStock21.app'>', codeSigningInfo='<_DVTCodeSigningInformation_Path: 0x6000186a5860; isSigned='1', isAdHocSigned='0', signingCertificate='<DVTSigningCertificate: 0x600005500180; name='Apple Development: Peiyu Huang (NG65P7TM5V)', hash='1EA30BB8F7F56C45AA46F7EBE36C3A4AE5BB2E9E', serialNumber='7D22791FE20BCE65D5CBA7E108238EE3', certificateKinds='(
    "1.2.840.113635.100.6.1.12",
    "1.2.840.113635.100.6.1.2"
), issueDate='2024-01-24 07:23:41 +0000''>', entitlements='{
    "application-identifier" = "QQP5F43Z2T.com.mystock.simStock21";
    "com.apple.developer.team-identifier" = QQP5F43Z2T;
    "com.apple.security.application-groups" =     (
        "group.com.mystock.simStock21"
    );
    "get-task-allow" = 1;
}', teamID='QQP5F43Z2T', identifier='com.mystock.simStock21', executablePath='<DVTFilePath:0x60000cb27aa0:'/Users/peiyu/Library/Developer/Xcode/Archives/2024-09-19/simStock21 2024-9-19, 3.52 PM.xcarchive/Products/Applications/simStock21.app/simStock21'>', hardenedRuntime='0'>'>: {
    "application-identifier" = "QQP5F43Z2T.com.mystock.simStock21";
    "com.apple.developer.team-identifier" = QQP5F43Z2T;
    "com.apple.security.application-groups" =     (
        "group.com.mystock.simStock21"
    );
    "get-task-allow" = 1;
}
2024-09-19 07:52:29 +0000  Associated App Clip Identifiers Filter: Skipping because "com.apple.developer.associated-appclip-app-identifiers" is not present
2024-09-19 07:52:29 +0000  Entitlements for <IDEDistributionItem: 0x6000105b2820; bundleID='com.mystock.simStock21', path='<DVTFilePath:0x60000cbe5f10:'/Users/peiyu/Library/Developer/Xcode/Archives/2024-09-19/simStock21 2024-9-19, 3.52 PM.xcarchive/Products/Applications/simStock21.app'>', codeSigningInfo='<_DVTCodeSigningInformation_Path: 0x6000186a5860; isSigned='1', isAdHocSigned='0', signingCertificate='<DVTSigningCertificate: 0x600005513600; name='Apple Development: Peiyu Huang (NG65P7TM5V)', hash='1EA30BB8F7F56C45AA46F7EBE36C3A4AE5BB2E9E', serialNumber='7D22791FE20BCE65D5CBA7E108238EE3', certificateKinds='(
    "1.2.840.113635.100.6.1.12",
    "1.2.840.113635.100.6.1.2"
), issueDate='2024-01-24 07:23:41 +0000''>', entitlements='{
    "application-identifier" = "QQP5F43Z2T.com.mystock.simStock21";
    "com.apple.developer.team-identifier" = QQP5F43Z2T;
    "com.apple.security.application-groups" =     (
        "group.com.mystock.simStock21"
    );
    "get-task-allow" = 1;
}', teamID='QQP5F43Z2T', identifier='com.mystock.simStock21', executablePath='<DVTFilePath:0x60000cb27aa0:'/Users/peiyu/Library/Developer/Xcode/Archives/2024-09-19/simStock21 2024-9-19, 3.52 PM.xcarchive/Products/Applications/simStock21.app/simStock21'>', hardenedRuntime='0'>'> are: {
    "application-identifier" = "QQP5F43Z2T.com.mystock.simStock21";
    "com.apple.developer.team-identifier" = QQP5F43Z2T;
    "com.apple.security.application-groups" =     (
        "group.com.mystock.simStock21"
    );
    "get-task-allow" = 1;
}
2024-09-19 07:52:29 +0000  Writing entitlements for <IDEDistributionItem: 0x6000105b2820; bundleID='com.mystock.simStock21', path='<DVTFilePath:0x60000cbe5f10:'/Users/peiyu/Library/Developer/Xcode/Archives/2024-09-19/simStock21 2024-9-19, 3.52 PM.xcarchive/Products/Applications/simStock21.app'>', codeSigningInfo='<_DVTCodeSigningInformation_Path: 0x6000186a5860; isSigned='1', isAdHocSigned='0', signingCertificate='<DVTSigningCertificate: 0x600005513000; name='Apple Development: Peiyu Huang (NG65P7TM5V)', hash='1EA30BB8F7F56C45AA46F7EBE36C3A4AE5BB2E9E', serialNumber='7D22791FE20BCE65D5CBA7E108238EE3', certificateKinds='(
    "1.2.840.113635.100.6.1.12",
    "1.2.840.113635.100.6.1.2"
), issueDate='2024-01-24 07:23:41 +0000''>', entitlements='{
    "application-identifier" = "QQP5F43Z2T.com.mystock.simStock21";
    "com.apple.developer.team-identifier" = QQP5F43Z2T;
    "com.apple.security.application-groups" =     (
        "group.com.mystock.simStock21"
    );
    "get-task-allow" = 1;
}', teamID='QQP5F43Z2T', identifier='com.mystock.simStock21', executablePath='<DVTFilePath:0x60000cb27aa0:'/Users/peiyu/Library/Developer/Xcode/Archives/2024-09-19/simStock21 2024-9-19, 3.52 PM.xcarchive/Products/Applications/simStock21.app/simStock21'>', hardenedRuntime='0'>'> to: /var/folders/c4/rvdxvx6s5w7bsjlwddfc373w0000gn/T/XcodeDistPipeline.~~~iiomSL/entitlements~~~xemUWy
2024-09-19 07:52:29 +0000  Running /usr/bin/codesign '-vvv' '--force' '--sign' '1EA30BB8F7F56C45AA46F7EBE36C3A4AE5BB2E9E' '--entitlements' '/var/folders/c4/rvdxvx6s5w7bsjlwddfc373w0000gn/T/XcodeDistPipeline.~~~iiomSL/entitlements~~~xemUWy' '--generate-entitlement-der' '--preserve-metadata=identifier,flags,runtime' '/var/folders/c4/rvdxvx6s5w7bsjlwddfc373w0000gn/T/XcodeDistPipeline.~~~iiomSL/Root/Payload/simStock21.app'
2024-09-19 07:52:29 +0000  /var/folders/c4/rvdxvx6s5w7bsjlwddfc373w0000gn/T/XcodeDistPipeline.~~~iiomSL/Root/Payload/simStock21.app: replacing existing signature
2024-09-19 07:52:29 +0000  /var/folders/c4/rvdxvx6s5w7bsjlwddfc373w0000gn/T/XcodeDistPipeline.~~~iiomSL/Root/Payload/simStock21.app: signed app bundle with Mach-O thin (arm64) [com.mystock.simStock21]
2024-09-19 07:52:29 +0000  /usr/bin/codesign exited with 0
2024-09-19 07:52:29 +0000  Processing step: IDEDistributionZipODRItemStep
2024-09-19 07:52:29 +0000  Skipping step: IDEDistributionZipODRItemStep because it said so
2024-09-19 07:52:29 +0000  Skipping step: IDEDistributionZipODRItemStep because it said so
2024-09-19 07:52:29 +0000  Processing step: IDEDistributionCreateIPAStep
2024-09-19 07:52:29 +0000  Running /usr/bin/ditto '-V' '-c' '-k' '--norsrc' '/var/folders/c4/rvdxvx6s5w7bsjlwddfc373w0000gn/T/XcodeDistPipeline.~~~iiomSL/Root' '/var/folders/c4/rvdxvx6s5w7bsjlwddfc373w0000gn/T/XcodeDistPipeline.~~~iiomSL/Packages/simStock21.ipa'
2024-09-19 07:52:29 +0000  >>> Copying /var/folders/c4/rvdxvx6s5w7bsjlwddfc373w0000gn/T/XcodeDistPipeline.~~~iiomSL/Root 
2024-09-19 07:52:29 +0000  copying file ./Payload/simStock21.app/_CodeSignature/CodeResources ... 
2024-09-19 07:52:29 +0000  7087 bytes for ./Payload/simStock21.app/_CodeSignature/CodeResources
2024-09-19 07:52:29 +0000  copying file ./Payload/simStock21.app/PlugIns/simStockEx.appex/_CodeSignature/CodeResources ... 
2024-09-19 07:52:29 +0000  3502 bytes for ./Payload/simStock21.app/PlugIns/simStockEx.appex/_CodeSignature/CodeResources
2024-09-19 07:52:29 +0000  copying file ./Payload/simStock21.app/PlugIns/simStockEx.appex/Intents.intentdefinition ... 
2024-09-19 07:52:29 +0000  17335 bytes for ./Payload/simStock21.app/PlugIns/simStockEx.appex/Intents.intentdefinition
2024-09-19 07:52:29 +0000  copying file ./Payload/simStock21.app/PlugIns/simStockEx.appex/simStock21.momd/simStock.omo ... 
2024-09-19 07:52:29 +0000  28616 bytes for ./Payload/simStock21.app/PlugIns/simStockEx.appex/simStock21.momd/simStock.omo
2024-09-19 07:52:29 +0000  copying file ./Payload/simStock21.app/PlugIns/simStockEx.appex/simStock21.momd/simStock 2.mom ... 
2024-09-19 07:52:29 +0000  11785 bytes for ./Payload/simStock21.app/PlugIns/simStockEx.appex/simStock21.momd/simStock 2.mom
2024-09-19 07:52:29 +0000  copying file ./Payload/simStock21.app/PlugIns/simStockEx.appex/simStock21.momd/simStock 3.mom ... 
2024-09-19 07:52:29 +0000  11889 bytes for ./Payload/simStock21.app/PlugIns/simStockEx.appex/simStock21.momd/simStock 3.mom
2024-09-19 07:52:29 +0000  copying file ./Payload/simStock21.app/PlugIns/simStockEx.appex/simStock21.momd/VersionInfo.plist ... 
2024-09-19 07:52:29 +0000  683 bytes for ./Payload/simStock21.app/PlugIns/simStockEx.appex/simStock21.momd/VersionInfo.plist
2024-09-19 07:52:29 +0000  copying file ./Payload/simStock21.app/PlugIns/simStockEx.appex/simStock21.momd/simStock.mom ... 
2024-09-19 07:52:29 +0000  11996 bytes for ./Payload/simStock21.app/PlugIns/simStockEx.appex/simStock21.momd/simStock.mom
2024-09-19 07:52:29 +0000  copying file ./Payload/simStock21.app/PlugIns/simStockEx.appex/embedded.mobileprovision ... 
2024-09-19 07:52:29 +0000  15385 bytes for ./Payload/simStock21.app/PlugIns/simStockEx.appex/embedded.mobileprovision
2024-09-19 07:52:29 +0000  copying file ./Payload/simStock21.app/PlugIns/simStockEx.appex/simStockEx ... 
2024-09-19 07:52:29 +0000  174128 bytes for ./Payload/simStock21.app/PlugIns/simStockEx.appex/simStockEx
2024-09-19 07:52:29 +0000  copying file ./Payload/simStock21.app/PlugIns/simStockEx.appex/Info.plist ... 
2024-09-19 07:52:29 +0000  1133 bytes for ./Payload/simStock21.app/PlugIns/simStockEx.appex/Info.plist
2024-09-19 07:52:29 +0000  copying file ./Payload/simStock21.app/AppIcon60x60@2x.png ... 
2024-09-19 07:52:29 +0000  3050 bytes for ./Payload/simStock21.app/AppIcon60x60@2x.png
2024-09-19 07:52:29 +0000  copying file ./Payload/simStock21.app/Intents.intentdefinition ... 
2024-09-19 07:52:29 +0000  17335 bytes for ./Payload/simStock21.app/Intents.intentdefinition
2024-09-19 07:52:29 +0000  copying file ./Payload/simStock21.app/Assets.car ... 
2024-09-19 07:52:29 +0000  975584 bytes for ./Payload/simStock21.app/Assets.car
2024-09-19 07:52:29 +0000  copying file ./Payload/simStock21.app/AppIcon76x76@2x~ipad.png ... 
2024-09-19 07:52:29 +0000  3795 bytes for ./Payload/simStock21.app/AppIcon76x76@2x~ipad.png
2024-09-19 07:52:29 +0000  copying file ./Payload/simStock21.app/simStock21.momd/simStock.omo ... 
2024-09-19 07:52:29 +0000  28616 bytes for ./Payload/simStock21.app/simStock21.momd/simStock.omo
2024-09-19 07:52:29 +0000  copying file ./Payload/simStock21.app/simStock21.momd/simStock 2.mom ... 
2024-09-19 07:52:29 +0000  11785 bytes for ./Payload/simStock21.app/simStock21.momd/simStock 2.mom
2024-09-19 07:52:29 +0000  copying file ./Payload/simStock21.app/simStock21.momd/simStock 3.mom ... 
2024-09-19 07:52:29 +0000  11889 bytes for ./Payload/simStock21.app/simStock21.momd/simStock 3.mom
2024-09-19 07:52:29 +0000  copying file ./Payload/simStock21.app/simStock21.momd/VersionInfo.plist ... 
2024-09-19 07:52:29 +0000  683 bytes for ./Payload/simStock21.app/simStock21.momd/VersionInfo.plist
copying file ./Payload/simStock21.app/simStock21.momd/simStock.mom ... 
2024-09-19 07:52:29 +0000  11996 bytes for ./Payload/simStock21.app/simStock21.momd/simStock.mom
2024-09-19 07:52:29 +0000  copying file ./Payload/simStock21.app/simStock21 ... 
2024-09-19 07:52:29 +0000  1012608 bytes for ./Payload/simStock21.app/simStock21
2024-09-19 07:52:29 +0000  copying file ./Payload/simStock21.app/embedded.mobileprovision ... 
2024-09-19 07:52:29 +0000  15505 bytes for ./Payload/simStock21.app/embedded.mobileprovision
2024-09-19 07:52:29 +0000  copying file ./Payload/simStock21.app/Info.plist ... 
2024-09-19 07:52:29 +0000  1943 bytes for ./Payload/simStock21.app/Info.plist
2024-09-19 07:52:29 +0000  copying file ./Payload/simStock21.app/PkgInfo ... 
8 bytes for ./Payload/simStock21.app/PkgInfo
2024-09-19 07:52:29 +0000  /usr/bin/ditto exited with 0
2024-09-19 07:52:29 +0000  Processing step: IDEDistributionAppStoreInformationStep
2024-09-19 07:52:29 +0000  Skipping step: IDEDistributionAppStoreInformationStep because it said so
2024-09-19 07:52:29 +0000  Processing step: IDEDistributionGenerateProcessedDistributionItems
2024-09-19 07:52:29 +0000  IDEDistributionItem init <DVTFilePath:0x60000cb012d0:'/var/folders/c4/rvdxvx6s5w7bsjlwddfc373w0000gn/T/XcodeDistPipeline.~~~iiomSL/Root/Payload/simStock21.app/PlugIns/simStockEx.appex'>
2024-09-19 07:52:29 +0000  IDEDistributionItem init <DVTFilePath:0x60000cb01ea0:'/var/folders/c4/rvdxvx6s5w7bsjlwddfc373w0000gn/T/XcodeDistPipeline.~~~iiomSL/Root/Payload/simStock21.app'>
2024-09-19 07:52:29 +0000  Processing step: IDEDistributionCreateManifestStep
